 
New instance of bashtop version: 0.8.15 Pid: 54380
 
New instance of bashtop version: 0.8.15 Pid: 1364
 
New instance of bashtop version: 0.8.15 Pid: 33932
 
New instance of bashtop version: 0.8.15 Pid: 51802
 
New instance of bashtop version: 0.8.15 Pid: 49661
 
New instance of bashtop version: 0.8.15 Pid: 4102
 
New instance of bashtop version: 0.9.1 Pid: 2150
 
New instance of bashtop version: 0.9.12 Pid: 7462
 
New instance of bashtop version: 0.9.24 Pid: 93207
 
New instance of bashtop version: 0.9.25 Pid: 37525
 
New instance of bashtop version: 0.9.25 Pid: 1190
 
New instance of bashtop version: 0.9.25 Pid: 41283
 
New instance of bashtop version: 0.9.25 Pid: 1284
 
New instance of bashtop version: 0.9.25 Pid: 316601
 
New instance of bashtop version: 0.9.25 Pid: 322235
 
New instance of bashtop version: 0.9.25 Pid: 6575
 
New instance of bashtop version: 0.9.25 Pid: 367261
 
New instance of bashtop version: 0.9.25 Pid: 367950
 
New instance of bashtop version: 0.9.25 Pid: 370465
 
New instance of bashtop version: 0.9.25 Pid: 377349
 
New instance of bashtop version: 0.9.25 Pid: 411321
 
New instance of bashtop version: 0.9.25 Pid: 469646
 
New instance of bashtop version: 0.9.25 Pid: 1334526
 
New instance of bashtop version: 0.9.25 Pid: 1375374
 
New instance of bashtop version: 0.9.25 Pid: 2011917
/usr/bin/bashtop: line 626: echo: write error: Input/output error
10:08:06 AM ERROR: On line 626 
/usr/bin/bashtop: line 627: echo: write error: Input/output error
10:08:06 AM ERROR: On line 627 
stty: 'standard input': Input/output error
 
New instance of bashtop version: 0.9.25 Pid: 1252
 
New instance of bashtop version: 0.9.25 Pid: 6767
 
New instance of bashtop version: 0.9.25 Pid: 43762
 
New instance of bashtop version: 0.9.25 Pid: 1195
 
New instance of bashtop version: 0.9.25 Pid: 9198
 
New instance of bashtop version: 0.9.25 Pid: 10182
 
New instance of bashtop version: 0.9.25 Pid: 20543
 
New instance of bashtop version: 0.9.25 Pid: 13419
 
New instance of bashtop version: 0.9.25 Pid: 32750
 
New instance of bashtop version: 0.9.25 Pid: 706
 
New instance of bashtop version: 0.9.25 Pid: 1683
 
New instance of bashtop version: 0.9.25 Pid: 2809
 
New instance of bashtop version: 0.9.25 Pid: 52515
 
New instance of bashtop version: 0.9.25 Pid: 4902
 
New instance of bashtop version: 0.9.25 Pid: 645
 
New instance of bashtop version: 0.9.25 Pid: 3054
 
New instance of bashtop version: 0.9.25 Pid: 333873
 
New instance of bashtop version: 0.9.25 Pid: 1863
 
New instance of bashtop version: 0.9.25 Pid: 1706
 
New instance of bashtop version: 0.9.25 Pid: 21532
 
New instance of bashtop version: 0.9.25 Pid: 740
 
New instance of bashtop version: 0.9.25 Pid: 2290
 
New instance of bashtop version: 0.9.25 Pid: 8407
 
New instance of bashtop version: 0.9.25 Pid: 13015
 
New instance of bashtop version: 0.9.25 Pid: 50541
 
New instance of bashtop version: 0.9.25 Pid: 1307667
stty: 'standard input': Input/output error
11:59:22 PM ERROR: On line 628 
 
New instance of bashtop version: 0.9.25 Pid: 7971
 
New instance of bashtop version: 0.9.25 Pid: 2515
 
New instance of bashtop version: 0.9.25 Pid: 65290
 
New instance of bashtop version: 0.9.25 Pid: 2710
 
New instance of bashtop version: 0.9.25 Pid: 1838
 
New instance of bashtop version: 0.9.25 Pid: 1061
 
New instance of bashtop version: 0.9.25 Pid: 6504
 
New instance of bashtop version: 0.9.25 Pid: 9824
 
New instance of bashtop version: 0.9.25 Pid: 6379
 
New instance of bashtop version: 0.9.25 Pid: 6016
 
New instance of bashtop version: 0.9.25 Pid: 2431
 
New instance of bashtop version: 0.9.25 Pid: 12904
 
New instance of bashtop version: 0.9.25 Pid: 11322
 
New instance of bashtop version: 0.9.25 Pid: 12177
 
New instance of bashtop version: 0.9.25 Pid: 3178
 
New instance of bashtop version: 0.9.25 Pid: 1070
 
New instance of bashtop version: 0.9.25 Pid: 5769
